GHOSTLIGHT PROTOCOL // LAYER 02
pattern recognition

reward:
Her mind is drawn to systems thinkers, coders, security people, audio nerds,
RF/signal weirdos, engineers, makers, musicians, goths, cyberpunks,
cat people, and night creatures.

hint:
Watch the first stable word of each anomalous line.

[03:17:22] SIGNAL carrier returns after static.
[03:18:05] INSTRUMENTS show the same shape twice.
[03:19:44] GATE remains closed to guesses.
[03:20:11] NOTICE the repeated boundary.
[03:21:09] ARCHIVE marks a false dawn.
[03:22:47] LISTEN for the quiet pattern.
[03:23:18] HEADER dust detected in the old channel.
[03:24:00] EVIDENCE beats projection.
[03:25:33] ACCESS is not entitlement.
[03:26:14] DATA waits under the surface.
[03:27:55] EXPECT protocol debris.
[03:28:21] READ what the machine names.
[03:29:03] SIGNAL continues.

route:
The extracted phrase names the next kind of artifact.
